#
# A fatal error has been detected by the Java Runtime Environment:
#
#  Internal Error (javaClasses.cpp:129), pid=4696, tid=140560761366272
#  fatal error: Invalid layout of preloaded class
#
# JRE version: 7.0_17-b02
# Java VM: Java HotSpot(TM) 64-Bit Server VM (23.7-b01 mixed mode linux-amd64 compressed oops)
# Failed to write core dump. Core dumps have been disabled. To enable core dumping, try "ulimit -c unlimited" before starting Java again
#
# If you would like to submit a bug report, please visit:
#   http://bugreport.sun.com/bugreport/crash.jsp
#

---------------  T H R E A D  ---------------

Current thread (0x00007fd6d400b800):  JavaThread "Unknown thread" [_thread_in_vm, id=4698, stack(0x00007fd6da302000,0x00007fd6da403000)]

Stack: [0x00007fd6da302000,0x00007fd6da403000],  sp=0x00007fd6da4017e0,  free space=1021k
Native frames: (J=compiled Java code, j=interpreted, Vv=VM code, C=native code)
V  [libjvm.so+0x8a540a]  VMError::report_and_die()+0x2ea
V  [libjvm.so+0x40af39]  report_fatal(char const*, int, char const*)+0x59
V  [libjvm.so+0x555967]  compute_offset(int&, klassOopDesc*, Symbol*, Symbol*, bool)+0x137
V  [libjvm.so+0x556b29]  java_lang_String::compute_offsets()+0x39
V  [libjvm.so+0x8344c3]  SystemDictionary::initialize_preloaded_classes(Thread*)+0x143
V  [libjvm.so+0x880604]  Universe::genesis(Thread*)+0x474
V  [libjvm.so+0x880ab4]  universe2_init()+0x24
V  [libjvm.so+0x503d7d]  init_globals()+0xbd
V  [libjvm.so+0x867052]  Threads::create_vm(JavaVMInitArgs*, bool*)+0x1e2
V  [libjvm.so+0x563c34]  JNI_CreateJavaVM+0x74
C  [libjli.so+0x2f8e]  JavaMain+0x9e


---------------  P R O C E S S  ---------------

Java Threads: ( => current thread )

Other Threads:

=>0x00007fd6d400b800 (exited) JavaThread "Unknown thread" [_thread_in_vm, id=4698, stack(0x00007fd6da302000,0x00007fd6da403000)]

VM state:not at safepoint (not fully initialized)

VM Mutex/Monitor currently owned by a thread: None

GC Heap History (0 events):
No events

Deoptimization events (0 events):
No events

Internal exceptions (0 events):
No events

Events (10 events):
Event: 0.145 loading class 0x00007fd6d402d2b0 done
Event: 0.145 loading class 0x00007fd6d402cb50 done
Event: 0.145 loading class 0x00007fd6d402cb20
Event: 0.145 loading class 0x00007fd6d4057d30
Event: 0.146 loading class 0x00007fd6d4057d30 done
Event: 0.146 loading class 0x00007fd6d4057d70
Event: 0.146 loading class 0x00007fd6d4057d70 done
Event: 0.146 loading class 0x00007fd6d4057db0
Event: 0.146 loading class 0x00007fd6d4057db0 done
Event: 0.146 loading class 0x00007fd6d402cb20 done


Dynamic libraries:
00400000-00401000 r-xp 00000000 08:03 11408131                           /opt/java/64/jre1.7.0_17/bin/java
00600000-00601000 rw-p 00000000 08:03 11408131                           /opt/java/64/jre1.7.0_17/bin/java
01f7a000-01f9b000 rw-p 00000000 00:00 0                                  [heap]
9f800000-a0cc0000 rw-p 00000000 00:00 0 
a0cc0000-a4a00000 rw-p 00000000 00:00 0 
a4a00000-a86f0000 rw-p 00000000 00:00 0 
a86f0000-e18b0000 rw-p 00000000 00:00 0 
e18b0000-e3720000 rw-p 00000000 00:00 0 
e3720000-100000000 rw-p 00000000 00:00 0 
7fd6b8000000-7fd6b8021000 rw-p 00000000 00:00 0 
7fd6b8021000-7fd6bc000000 ---p 00000000 00:00 0 
7fd6bf2b7000-7fd6c0000000 rw-p 00000000 00:00 0 
7fd6c0000000-7fd6c0021000 rw-p 00000000 00:00 0 
7fd6c0021000-7fd6c4000000 ---p 00000000 00:00 0 
7fd6c4000000-7fd6c4021000 rw-p 00000000 00:00 0 
7fd6c4021000-7fd6c8000000 ---p 00000000 00:00 0 
7fd6c8000000-7fd6c8021000 rw-p 00000000 00:00 0 
7fd6c8021000-7fd6cc000000 ---p 00000000 00:00 0 
7fd6cc0a1000-7fd6cc195000 rw-p 00000000 00:00 0 
7fd6cc195000-7fd6cc25b000 r--s 0116f000 08:03 12586593                   /home/fm/Programs/adt-bundle-linux-x86_64-20130219/sdk/platforms/android-17/android.jar
7fd6cc25b000-7fd6cf29b000 rw-p 00000000 00:00 0 
7fd6cf29b000-7fd6cf29c000 ---p 00000000 00:00 0 
7fd6cf29c000-7fd6cf39c000 rw-p 00000000 00:00 0                          [stack:4707]
7fd6cf39c000-7fd6cf39d000 ---p 00000000 00:00 0 
7fd6cf39d000-7fd6cf49d000 rw-p 00000000 00:00 0                          [stack:4706]
7fd6cf49d000-7fd6cf49e000 ---p 00000000 00:00 0 
7fd6cf49e000-7fd6cf5bd000 rw-p 00000000 00:00 0                          [stack:4705]
7fd6cf5bd000-7fd6cf786000 rw-p 00000000 00:00 0 
7fd6cf786000-7fd6cf791000 rw-p 00000000 00:00 0 
7fd6cf791000-7fd6cf7af000 rw-p 00000000 00:00 0 
7fd6cf7af000-7fd6cf7ce000 rw-p 00000000 00:00 0 
7fd6cf7ce000-7fd6cf996000 rw-p 00000000 00:00 0 
7fd6cf996000-7fd6cf9a6000 rw-p 00000000 00:00 0 
7fd6cf9a6000-7fd6cfa8a000 rw-p 00000000 00:00 0 
7fd6cfa8a000-7fd6cfa8b000 rw-p 00000000 00:00 0 
7fd6cfa8b000-7fd6cfcfb000 rwxp 00000000 00:00 0 
7fd6cfcfb000-7fd6d2a8b000 rw-p 00000000 00:00 0 
7fd6d2a8b000-7fd6d2aa5000 r-xp 00000000 08:03 11537764                   /opt/java/64/jre1.7.0_17/lib/amd64/libzip.so
7fd6d2aa5000-7fd6d2ca5000 ---p 0001a000 08:03 11537764                   /opt/java/64/jre1.7.0_17/lib/amd64/libzip.so
7fd6d2ca5000-7fd6d2ca6000 rw-p 0001a000 08:03 11537764                   /opt/java/64/jre1.7.0_17/lib/amd64/libzip.so
7fd6d2ca6000-7fd6d2cb2000 r-xp 00000000 08:03 16520474                   /lib/x86_64-linux-gnu/libnss_files-2.15.so
7fd6d2cb2000-7fd6d2eb1000 ---p 0000c000 08:03 16520474                   /lib/x86_64-linux-gnu/libnss_files-2.15.so
7fd6d2eb1000-7fd6d2eb2000 r--p 0000b000 08:03 16520474                   /lib/x86_64-linux-gnu/libnss_files-2.15.so
7fd6d2eb2000-7fd6d2eb3000 rw-p 0000c000 08:03 16520474                   /lib/x86_64-linux-gnu/libnss_files-2.15.so
7fd6d2eb3000-7fd6d2ebd000 r-xp 00000000 08:03 16520454                   /lib/x86_64-linux-gnu/libnss_nis-2.15.so
7fd6d2ebd000-7fd6d30bd000 ---p 0000a000 08:03 16520454                   /lib/x86_64-linux-gnu/libnss_nis-2.15.so
7fd6d30bd000-7fd6d30be000 r--p 0000a000 08:03 16520454                   /lib/x86_64-linux-gnu/libnss_nis-2.15.so
7fd6d30be000-7fd6d30bf000 rw-p 0000b000 08:03 16520454                   /lib/x86_64-linux-gnu/libnss_nis-2.15.so
7fd6d30bf000-7fd6d30d6000 r-xp 00000000 08:03 16520484                   /lib/x86_64-linux-gnu/libnsl-2.15.so
7fd6d30d6000-7fd6d32d5000 ---p 00017000 08:03 16520484                   /lib/x86_64-linux-gnu/libnsl-2.15.so
7fd6d32d5000-7fd6d32d6000 r--p 00016000 08:03 16520484                   /lib/x86_64-linux-gnu/libnsl-2.15.so
7fd6d32d6000-7fd6d32d7000 rw-p 00017000 08:03 16520484                   /lib/x86_64-linux-gnu/libnsl-2.15.so
7fd6d32d7000-7fd6d32d9000 rw-p 00000000 00:00 0 
7fd6d32d9000-7fd6d32e1000 r-xp 00000000 08:03 16520488                   /lib/x86_64-linux-gnu/libnss_compat-2.15.so
7fd6d32e1000-7fd6d34e0000 ---p 00008000 08:03 16520488                   /lib/x86_64-linux-gnu/libnss_compat-2.15.so
7fd6d34e0000-7fd6d34e1000 r--p 00007000 08:03 16520488                   /lib/x86_64-linux-gnu/libnss_compat-2.15.so
7fd6d34e1000-7fd6d34e2000 rw-p 00008000 08:03 16520488                   /lib/x86_64-linux-gnu/libnss_compat-2.15.so
7fd6d34e2000-7fd6d3bc3000 r--p 00000000 08:03 43259281                   /usr/lib/locale/locale-archive
7fd6d3bc3000-7fd6d3bc6000 r-xp 00000000 08:03 11537725                   /opt/java/64/jre1.7.0_17/lib/amd64/libnpt.so
7fd6d3bc6000-7fd6d3dc5000 ---p 00003000 08:03 11537725                   /opt/java/64/jre1.7.0_17/lib/amd64/libnpt.so
7fd6d3dc5000-7fd6d3dc6000 rw-p 00002000 08:03 11537725                   /opt/java/64/jre1.7.0_17/lib/amd64/libnpt.so
7fd6d3dc6000-7fd6d3dff000 r-xp 00000000 08:03 11537769                   /opt/java/64/jre1.7.0_17/lib/amd64/libjdwp.so
7fd6d3dff000-7fd6d3ffe000 ---p 00039000 08:03 11537769                   /opt/java/64/jre1.7.0_17/lib/amd64/libjdwp.so
7fd6d3ffe000-7fd6d4000000 rw-p 00038000 08:03 11537769                   /opt/java/64/jre1.7.0_17/lib/amd64/libjdwp.so
7fd6d4000000-7fd6d4061000 rw-p 00000000 00:00 0 
7fd6d4061000-7fd6d8000000 ---p 00000000 00:00 0 
7fd6d8058000-7fd6d8080000 rw-p 00000000 00:00 0 
7fd6d8080000-7fd6d8081000 ---p 00000000 00:00 0 
7fd6d8081000-7fd6d818c000 rw-p 00000000 00:00 0                          [stack:4704]
7fd6d818c000-7fd6d81aa000 rw-p 00000000 00:00 0 
7fd6d81aa000-7fd6d81d3000 r-xp 00000000 08:03 11537748                   /opt/java/64/jre1.7.0_17/lib/amd64/libjava.so
7fd6d81d3000-7fd6d83d3000 ---p 00029000 08:03 11537748                   /opt/java/64/jre1.7.0_17/lib/amd64/libjava.so
7fd6d83d3000-7fd6d83d5000 rw-p 00029000 08:03 11537748                   /opt/java/64/jre1.7.0_17/lib/amd64/libjava.so
7fd6d83d5000-7fd6d83e2000 r-xp 00000000 08:03 11537746                   /opt/java/64/jre1.7.0_17/lib/amd64/libverify.so
7fd6d83e2000-7fd6d85e1000 ---p 0000d000 08:03 11537746                   /opt/java/64/jre1.7.0_17/lib/amd64/libverify.so
7fd6d85e1000-7fd6d85e3000 rw-p 0000c000 08:03 11537746                   /opt/java/64/jre1.7.0_17/lib/amd64/libverify.so
7fd6d85e3000-7fd6d85ea000 r-xp 00000000 08:03 16520476                   /lib/x86_64-linux-gnu/librt-2.15.so
7fd6d85ea000-7fd6d87e9000 ---p 00007000 08:03 16520476                   /lib/x86_64-linux-gnu/librt-2.15.so
7fd6d87e9000-7fd6d87ea000 r--p 00006000 08:03 16520476                   /lib/x86_64-linux-gnu/librt-2.15.so
7fd6d87ea000-7fd6d87eb000 rw-p 00007000 08:03 16520476                   /lib/x86_64-linux-gnu/librt-2.15.so
7fd6d87eb000-7fd6d88e6000 r-xp 00000000 08:03 16520485                   /lib/x86_64-linux-gnu/libm-2.15.so
7fd6d88e6000-7fd6d8ae5000 ---p 000fb000 08:03 16520485                   /lib/x86_64-linux-gnu/libm-2.15.so
7fd6d8ae5000-7fd6d8ae6000 r--p 000fa000 08:03 16520485                   /lib/x86_64-linux-gnu/libm-2.15.so
7fd6d8ae6000-7fd6d8ae7000 rw-p 000fb000 08:03 16520485                   /lib/x86_64-linux-gnu/libm-2.15.so
7fd6d8ae7000-7fd6d952e000 r-xp 00000000 08:03 11537754                   /opt/java/64/jre1.7.0_17/lib/amd64/server/libjvm.so
7fd6d952e000-7fd6d972e000 ---p 00a47000 08:03 11537754                   /opt/java/64/jre1.7.0_17/lib/amd64/server/libjvm.so
7fd6d972e000-7fd6d97d1000 rw-p 00a47000 08:03 11537754                   /opt/java/64/jre1.7.0_17/lib/amd64/server/libjvm.so
7fd6d97d1000-7fd6d980d000 rw-p 00000000 00:00 0 
7fd6d980d000-7fd6d99c2000 r-xp 00000000 08:03 16520489                   /lib/x86_64-linux-gnu/libc-2.15.so
7fd6d99c2000-7fd6d9bc1000 ---p 001b5000 08:03 16520489                   /lib/x86_64-linux-gnu/libc-2.15.so
7fd6d9bc1000-7fd6d9bc5000 r--p 001b4000 08:03 16520489                   /lib/x86_64-linux-gnu/libc-2.15.so
7fd6d9bc5000-7fd6d9bc7000 rw-p 001b8000 08:03 16520489                   /lib/x86_64-linux-gnu/libc-2.15.so
7fd6d9bc7000-7fd6d9bcc000 rw-p 00000000 00:00 0 
7fd6d9bcc000-7fd6d9bce000 r-xp 00000000 08:03 16520487                   /lib/x86_64-linux-gnu/libdl-2.15.so
7fd6d9bce000-7fd6d9dce000 ---p 00002000 08:03 16520487                   /lib/x86_64-linux-gnu/libdl-2.15.so
7fd6d9dce000-7fd6d9dcf000 r--p 00002000 08:03 16520487                   /lib/x86_64-linux-gnu/libdl-2.15.so
7fd6d9dcf000-7fd6d9dd0000 rw-p 00003000 08:03 16520487                   /lib/x86_64-linux-gnu/libdl-2.15.so
7fd6d9dd0000-7fd6d9de6000 r-xp 00000000 08:03 11537723                   /opt/java/64/jre1.7.0_17/lib/amd64/jli/libjli.so
7fd6d9de6000-7fd6d9fe6000 ---p 00016000 08:03 11537723                   /opt/java/64/jre1.7.0_17/lib/amd64/jli/libjli.so
7fd6d9fe6000-7fd6d9fe7000 rw-p 00016000 08:03 11537723                   /opt/java/64/jre1.7.0_17/lib/amd64/jli/libjli.so
7fd6d9fe7000-7fd6d9fff000 r-xp 00000000 08:03 16520472                   /lib/x86_64-linux-gnu/libpthread-2.15.so
7fd6d9fff000-7fd6da1fe000 ---p 00018000 08:03 16520472                   /lib/x86_64-linux-gnu/libpthread-2.15.so
7fd6da1fe000-7fd6da1ff000 r--p 00017000 08:03 16520472                   /lib/x86_64-linux-gnu/libpthread-2.15.so
7fd6da1ff000-7fd6da200000 rw-p 00018000 08:03 16520472                   /lib/x86_64-linux-gnu/libpthread-2.15.so
7fd6da200000-7fd6da204000 rw-p 00000000 00:00 0 
7fd6da204000-7fd6da226000 r-xp 00000000 08:03 16520477                   /lib/x86_64-linux-gnu/ld-2.15.so
7fd6da242000-7fd6da24c000 rw-p 00000000 00:00 0 
7fd6da24c000-7fd6da302000 rw-p 00000000 00:00 0 
7fd6da302000-7fd6da305000 ---p 00000000 00:00 0 
7fd6da305000-7fd6da407000 rw-p 00000000 00:00 0                          [stack:4698]
7fd6da418000-7fd6da41a000 rw-p 00000000 00:00 0 
7fd6da41a000-7fd6da422000 rw-s 00000000 08:03 30671580                   /tmp/hsperfdata_fm/4696
7fd6da422000-7fd6da423000 rw-p 00000000 00:00 0 
7fd6da423000-7fd6da424000 r--p 00000000 00:00 0 
7fd6da424000-7fd6da426000 rw-p 00000000 00:00 0 
7fd6da426000-7fd6da427000 r--p 00022000 08:03 16520477                   /lib/x86_64-linux-gnu/ld-2.15.so
7fd6da427000-7fd6da429000 rw-p 00023000 08:03 16520477                   /lib/x86_64-linux-gnu/ld-2.15.so
7fff67a91000-7fff67ab2000 rw-p 00000000 00:00 0                          [stack]
7fff67b7e000-7fff67b7f000 r-xp 00000000 00:00 0                          [vdso]
ffffffffff600000-ffffffffff601000 r-xp 00000000 00:00 0                  [vsyscall]

VM Arguments:
jvm_args: -agentlib:jdwp=transport=dt_socket,suspend=y,address=localhost:32981 -Dfile.encoding=UTF-8 -Xbootclasspath:/home/fm/Programs/adt-bundle-linux-x86_64-20130219/sdk/platforms/android-17/android.jar 
java_command: org.eclipse.jdt.internal.debug.ui.snippeteditor.ScrapbookMain file:/home/fm/Documents/work/workspaces/android/.metadata/.plugins/org.eclipse.core.resources/.projects/MyFinances/org.eclipse.jdt.debug.ui/ file:/home/fm/Documents/work/workspaces/android/MyFinances/bin/classes/ file:/home/fm/Documents/work/workspaces/android/MyFinances/libs/android-support-v4.jar file:/home/fm/Programs/adt-bundle-linux-x86_64-20130219/sdk/platforms/android-17/android.jar
Launcher Type: SUN_STANDARD

Environment Variables:
PATH=/usr/lib/lightdm/lightdm:/usr/local/sbin:/usr/local/bin:/usr/sbin:/usr/bin:/sbin:/bin:/usr/games:/usr/local/games
SHELL=/bin/bash
DISPLAY=:0.0

Signal Handlers:
SIGSEGV: [libjvm.so+0x8a5d70], sa_mask[0]=0x7ffbfeff, sa_flags=0x10000004
SIGBUS: [libjvm.so+0x8a5d70], sa_mask[0]=0x7ffbfeff, sa_flags=0x10000004
SIGFPE: [libjvm.so+0x741e50], sa_mask[0]=0x7ffbfeff, sa_flags=0x10000004
SIGPIPE: [libjvm.so+0x741e50], sa_mask[0]=0x7ffbfeff, sa_flags=0x10000004
SIGXFSZ: [libjvm.so+0x741e50], sa_mask[0]=0x7ffbfeff, sa_flags=0x10000004
SIGILL: [libjvm.so+0x741e50], sa_mask[0]=0x7ffbfeff, sa_flags=0x10000004
SIGUSR1: SIG_DFL, sa_mask[0]=0x00000000, sa_flags=0x00000000
SIGUSR2: [libjvm.so+0x7417a0], sa_mask[0]=0x00000004, sa_flags=0x10000004
SIGHUP: SIG_DFL, sa_mask[0]=0x00000000, sa_flags=0x00000000
SIGINT: SIG_DFL, sa_mask[0]=0x00000000, sa_flags=0x00000000
SIGTERM: SIG_DFL, sa_mask[0]=0x00000000, sa_flags=0x00000000
SIGQUIT: SIG_DFL, sa_mask[0]=0x00000000, sa_flags=0x00000000


---------------  S Y S T E M  ---------------

OS:wheezy/sid

uname:Linux 3.5.0-32-generic #53-Ubuntu SMP Wed May 29 20:23:04 UTC 2013 x86_64
libc:glibc 2.15 NPTL 2.15 
rlimit: STACK 8192k, CORE 0k, NPROC 46622, NOFILE 4096, AS infinity
load average:0.28 0.39 0.39

/proc/meminfo:
MemTotal:        5986180 kB
MemFree:         1779308 kB
Buffers:          116608 kB
Cached:          1565192 kB
SwapCached:            0 kB
Active:          3027848 kB
Inactive:         910340 kB
Active(anon):    2342464 kB
Inactive(anon):   338968 kB
Active(file):     685384 kB
Inactive(file):   571372 kB
Unevictable:       31336 kB
Mlocked:           31336 kB
SwapTotal:       5859324 kB
SwapFree:        5859324 kB
Dirty:               244 kB
Writeback:             0 kB
AnonPages:       2288304 kB
Mapped:           194680 kB
Shmem:            418988 kB
Slab:              97984 kB
SReclaimable:      65380 kB
SUnreclaim:        32604 kB
KernelStack:        5512 kB
PageTables:        42248 kB
NFS_Unstable:          0 kB
Bounce:                0 kB
WritebackTmp:          0 kB
CommitLimit:     8852412 kB
Committed_AS:    6518320 kB
VmallocTotal:   34359738367 kB
VmallocUsed:      575444 kB
VmallocChunk:   34359135260 kB
HardwareCorrupted:     0 kB
AnonHugePages:         0 kB
HugePages_Total:       0
HugePages_Free:        0
HugePages_Rsvd:        0
HugePages_Surp:        0
Hugepagesize:       2048 kB
DirectMap4k:       65536 kB
DirectMap2M:     6133760 kB


CPU:total 4 (2 cores per cpu, 2 threads per core) family 6 model 58 stepping 9, cmov, cx8, fxsr, mmx, sse, sse2, sse3, ssse3, sse4.1, sse4.2, popcnt, avx, ht, tsc, tscinvbit, tscinv

/proc/cpuinfo:
processor	: 0
vendor_id	: GenuineIntel
cpu family	: 6
model		: 58
model name	: Intel(R) Core(TM) i5-3230M CPU @ 2.60GHz
stepping	: 9
microcode	: 0x15
cpu MHz		: 1200.000
cache size	: 3072 KB
physical id	: 0
siblings	: 4
core id		: 0
cpu cores	: 2
apicid		: 0
initial apicid	: 0
fpu		: yes
fpu_exception	: yes
cpuid level	: 13
wp		: yes
flags		: fpu vme de pse tsc msr pae mce cx8 apic sep mtrr pge mca cmov pat pse36 clflush dts acpi mmx fxsr sse sse2 ss ht tm pbe syscall nx rdtscp lm constant_tsc arch_perfmon pebs bts rep_good nopl xtopology nonstop_tsc aperfmperf pni pclmulqdq dtes64 monitor ds_cpl vmx est tm2 ssse3 cx16 xtpr pdcm pcid sse4_1 sse4_2 x2apic popcnt tsc_deadline_timer aes xsave avx f16c rdrand lahf_lm ida arat epb xsaveopt pln pts dtherm tpr_shadow vnmi flexpriority ept vpid fsgsbase smep erms
bogomips	: 5188.39
clflush size	: 64
cache_alignment	: 64
address sizes	: 36 bits physical, 48 bits virtual
power management:

processor	: 1
vendor_id	: GenuineIntel
cpu family	: 6
model		: 58
model name	: Intel(R) Core(TM) i5-3230M CPU @ 2.60GHz
stepping	: 9
microcode	: 0x15
cpu MHz		: 1200.000
cache size	: 3072 KB
physical id	: 0
siblings	: 4
core id		: 0
cpu cores	: 2
apicid		: 1
initial apicid	: 1
fpu		: yes
fpu_exception	: yes
cpuid level	: 13
wp		: yes
flags		: fpu vme de pse tsc msr pae mce cx8 apic sep mtrr pge mca cmov pat pse36 clflush dts acpi mmx fxsr sse sse2 ss ht tm pbe syscall nx rdtscp lm constant_tsc arch_perfmon pebs bts rep_good nopl xtopology nonstop_tsc aperfmperf pni pclmulqdq dtes64 monitor ds_cpl vmx est tm2 ssse3 cx16 xtpr pdcm pcid sse4_1 sse4_2 x2apic popcnt tsc_deadline_timer aes xsave avx f16c rdrand lahf_lm ida arat epb xsaveopt pln pts dtherm tpr_shadow vnmi flexpriority ept vpid fsgsbase smep erms
bogomips	: 5188.39
clflush size	: 64
cache_alignment	: 64
address sizes	: 36 bits physical, 48 bits virtual
power management:

processor	: 2
vendor_id	: GenuineIntel
cpu family	: 6
model		: 58
model name	: Intel(R) Core(TM) i5-3230M CPU @ 2.60GHz
stepping	: 9
microcode	: 0x15
cpu MHz		: 1200.000
cache size	: 3072 KB
physical id	: 0
siblings	: 4
core id		: 1
cpu cores	: 2
apicid		: 2
initial apicid	: 2
fpu		: yes
fpu_exception	: yes
cpuid level	: 13
wp		: yes
flags		: fpu vme de pse tsc msr pae mce cx8 apic sep mtrr pge mca cmov pat pse36 clflush dts acpi mmx fxsr sse sse2 ss ht tm pbe syscall nx rdtscp lm constant_tsc arch_perfmon pebs bts rep_good nopl xtopology nonstop_tsc aperfmperf pni pclmulqdq dtes64 monitor ds_cpl vmx est tm2 ssse3 cx16 xtpr pdcm pcid sse4_1 sse4_2 x2apic popcnt tsc_deadline_timer aes xsave avx f16c rdrand lahf_lm ida arat epb xsaveopt pln pts dtherm tpr_shadow vnmi flexpriority ept vpid fsgsbase smep erms
bogomips	: 5188.39
clflush size	: 64
cache_alignment	: 64
address sizes	: 36 bits physical, 48 bits virtual
power management:

processor	: 3
vendor_id	: GenuineIntel
cpu family	: 6
model		: 58
model name	: Intel(R) Core(TM) i5-3230M CPU @ 2.60GHz
stepping	: 9
microcode	: 0x15
cpu MHz		: 2601.000
cache size	: 3072 KB
physical id	: 0
siblings	: 4
core id		: 1
cpu cores	: 2
apicid		: 3
initial apicid	: 3
fpu		: yes
fpu_exception	: yes
cpuid level	: 13
wp		: yes
flags		: fpu vme de pse tsc msr pae mce cx8 apic sep mtrr pge mca cmov pat pse36 clflush dts acpi mmx fxsr sse sse2 ss ht tm pbe syscall nx rdtscp lm constant_tsc arch_perfmon pebs bts rep_good nopl xtopology nonstop_tsc aperfmperf pni pclmulqdq dtes64 monitor ds_cpl vmx est tm2 ssse3 cx16 xtpr pdcm pcid sse4_1 sse4_2 x2apic popcnt tsc_deadline_timer aes xsave avx f16c rdrand lahf_lm ida arat epb xsaveopt pln pts dtherm tpr_shadow vnmi flexpriority ept vpid fsgsbase smep erms
bogomips	: 5188.39
clflush size	: 64
cache_alignment	: 64
address sizes	: 36 bits physical, 48 bits virtual
power management:



Memory: 4k page, physical 5986180k(1779308k free), swap 5859324k(5859324k free)

vm_info: Java HotSpot(TM) 64-Bit Server VM (23.7-b01) for linux-amd64 JRE (1.7.0_17-b02), built on Mar  1 2013 02:59:06 by "java_re" with gcc 4.3.0 20080428 (Red Hat 4.3.0-8)

time: Mon Jun  3 20:46:19 2013
elapsed time: 0 seconds

